GeoSys-OUT: Output ------------------------------------------------
#OUTPUT
 $PCS_TYPE
  HEAT_TRANSPORT
 $NOD_VALUES
  TEMPERATURE1
 $GEO_TYPE
//  POLYLINE ROCK
  DOMAIN
 $DAT_TYPE
  VTK
 $TIM_TYPE
  STEPS 1
  
  
 #OUTPUT
 $PCS_TYPE
  HEAT_TRANSPORT
 $NOD_VALUES
  TEMPERATURE1
 $GEO_TYPE
  POINT POINT2
 $DAT_TYPE
  VTK 
 $TIM_TYPE
  STEPS 1

   #OUTPUT
 $PCS_TYPE
  HEAT_TRANSPORT
 $NOD_VALUES
  TEMPERATURE1
 $GEO_TYPE
  POINT POINT3
 $DAT_TYPE
  VTK 
 $TIM_TYPE
  STEPS 1
  
   #OUTPUT
 $PCS_TYPE
  HEAT_TRANSPORT
 $NOD_VALUES
  TEMPERATURE1
 $GEO_TYPE
  POINT POINT4
 $DAT_TYPE
  VTK 
 $TIM_TYPE
  STEPS 1
  
   #OUTPUT
 $PCS_TYPE
  HEAT_TRANSPORT
 $NOD_VALUES
  TEMPERATURE1
 $GEO_TYPE
  POINT POINT5
 $DAT_TYPE
  VTK 
 $TIM_TYPE
  STEPS 1
#STOP